<?xml version="1.0" encoding="UTF-8"?>
<coverage generated="1780703160248" clover="3.2.0">
  <project timestamp="1780703160248" name="All files">
    <metrics statements="12" coveredstatements="12" conditionals="4" coveredconditionals="4" methods="8" coveredmethods="8" elements="24" coveredelements="24" complexity="0" loc="12" ncloc="12" packages="2" files="2" classes="2"/>
    <package name="hooks">
      <metrics statements="7" coveredstatements="7" conditionals="0" coveredconditionals="0" methods="3" coveredmethods="3"/>
      <file name="usePresupuesto.js" path="C:\Users\Janus\Desktop\Proyecto\Hestia\www\src\hooks\usePresupuesto.js">
        <metrics statements="7" coveredstatements="7" conditionals="0" coveredconditionals="0" methods="3" coveredmethods="3"/>
        <line num="4" count="6" type="stmt"/>
        <line num="5" count="6" type="stmt"/>
        <line num="7" count="6" type="stmt"/>
        <line num="8" count="1" type="stmt"/>
        <line num="11" count="6" type="stmt"/>
        <line num="12" count="6" type="stmt"/>
        <line num="14" count="6" type="stmt"/>
      </file>
    </package>
    <package name="utils">
      <metrics statements="5" coveredstatements="5" conditionals="4" coveredconditionals="4" methods="5" coveredmethods="5"/>
      <file name="finanzas.js" path="C:\Users\Janus\Desktop\Proyecto\Hestia\www\src\utils\finanzas.js">
        <metrics statements="5" coveredstatements="5" conditionals="4" coveredconditionals="4" methods="5" coveredmethods="5"/>
        <line num="3" count="5" type="cond" truecount="2" falsecount="0"/>
        <line num="4" count="4" type="cond" truecount="2" falsecount="0"/>
        <line num="5" count="3" type="stmt"/>
        <line num="9" count="11" type="stmt"/>
        <line num="13" count="14" type="stmt"/>
      </file>
    </package>
  </project>
</coverage>
