{"C:\\Users\\Janus\\Desktop\\Proyecto\\Hestia\\www\\src\\hooks\\usePresupuesto.js": {"path":"C:\\Users\\Janus\\Desktop\\Proyecto\\Hestia\\www\\src\\hooks\\usePresupuesto.js","statementMap":{"0":{"start":{"line":4,"column":40},"end":{"line":4,"column":51}},"1":{"start":{"line":5,"column":30},"end":{"line":5,"column":42}},"2":{"start":{"line":7,"column":23},"end":{"line":9,"column":3}},"3":{"start":{"line":8,"column":4},"end":{"line":8,"column":34}},"4":{"start":{"line":11,"column":22},"end":{"line":11,"column":65}},"5":{"start":{"line":11,"column":51},"end":{"line":11,"column":61}},"6":{"start":{"line":12,"column":21},"end":{"line":12,"column":46}},"7":{"start":{"line":14,"column":2},"end":{"line":19,"column":4}}},"fnMap":{"0":{"name":"usePresupuesto","decl":{"start":{"line":3,"column":24},"end":{"line":3,"column":38}},"loc":{"start":{"line":3,"column":41},"end":{"line":20,"column":1}},"line":3},"1":{"name":"(anonymous_1)","decl":{"start":{"line":7,"column":23},"end":{"line":7,"column":24}},"loc":{"start":{"line":7,"column":34},"end":{"line":9,"column":3}},"line":7},"2":{"name":"(anonymous_2)","decl":{"start":{"line":11,"column":36},"end":{"line":11,"column":37}},"loc":{"start":{"line":11,"column":51},"end":{"line":11,"column":61}},"line":11}},"branchMap":{},"s":{"0":6,"1":6,"2":6,"3":1,"4":6,"5":1,"6":6,"7":6},"f":{"0":6,"1":1,"2":1},"b":{},"_coverageSchema":"1a1c01bbd47fc00a2c39e90264f33305004495a9","hash":"99c1ed8d0bb4a6774c5ccd12ba1d7b9a01bbf7ec"}
,"C:\\Users\\Janus\\Desktop\\Proyecto\\Hestia\\www\\src\\utils\\finanzas.js": {"path":"C:\\Users\\Janus\\Desktop\\Proyecto\\Hestia\\www\\src\\utils\\finanzas.js","statementMap":{"0":{"start":{"line":3,"column":2},"end":{"line":3,"column":31}},"1":{"start":{"line":3,"column":19},"end":{"line":3,"column":31}},"2":{"start":{"line":4,"column":2},"end":{"line":4,"column":32}},"3":{"start":{"line":4,"column":17},"end":{"line":4,"column":32}},"4":{"start":{"line":5,"column":2},"end":{"line":5,"column":22}},"5":{"start":{"line":9,"column":2},"end":{"line":9,"column":66}},"6":{"start":{"line":9,"column":45},"end":{"line":9,"column":61}},"7":{"start":{"line":13,"column":2},"end":{"line":13,"column":64}},"8":{"start":{"line":13,"column":36},"end":{"line":13,"column":62}}},"fnMap":{"0":{"name":"formatCurrency","decl":{"start":{"line":1,"column":16},"end":{"line":1,"column":30}},"loc":{"start":{"line":1,"column":38},"end":{"line":6,"column":1}},"line":1},"1":{"name":"calcularTotal","decl":{"start":{"line":8,"column":16},"end":{"line":8,"column":29}},"loc":{"start":{"line":8,"column":45},"end":{"line":10,"column":1}},"line":8},"2":{"name":"(anonymous_2)","decl":{"start":{"line":9,"column":30},"end":{"line":9,"column":31}},"loc":{"start":{"line":9,"column":45},"end":{"line":9,"column":61}},"line":9},"3":{"name":"filtrarPorCategoria","decl":{"start":{"line":12,"column":16},"end":{"line":12,"column":35}},"loc":{"start":{"line":12,"column":62},"end":{"line":14,"column":1}},"line":12},"4":{"name":"(anonymous_4)","decl":{"start":{"line":13,"column":30},"end":{"line":13,"column":31}},"loc":{"start":{"line":13,"column":36},"end":{"line":13,"column":62}},"line":13}},"branchMap":{"0":{"loc":{"start":{"line":3,"column":2},"end":{"line":3,"column":31}},"type":"if","locations":[{"start":{"line":3,"column":2},"end":{"line":3,"column":31}},{"start":{},"end":{}}],"line":3},"1":{"loc":{"start":{"line":4,"column":2},"end":{"line":4,"column":32}},"type":"if","locations":[{"start":{"line":4,"column":2},"end":{"line":4,"column":32}},{"start":{},"end":{}}],"line":4}},"s":{"0":5,"1":1,"2":4,"3":1,"4":3,"5":6,"6":11,"7":5,"8":14},"f":{"0":5,"1":6,"2":11,"3":5,"4":14},"b":{"0":[1,4],"1":[1,3]},"_coverageSchema":"1a1c01bbd47fc00a2c39e90264f33305004495a9","hash":"faa01f74fe702a44841d9c56ad28c44b8b6434e2"}
}
