TN:
SF:src\hooks\usePresupuesto.js
FN:3,usePresupuesto
FN:7,(anonymous_1)
FN:11,(anonymous_2)
FNF:3
FNH:3
FNDA:6,usePresupuesto
FNDA:1,(anonymous_1)
FNDA:1,(anonymous_2)
DA:4,6
DA:5,6
DA:7,6
DA:8,1
DA:11,6
DA:12,6
DA:14,6
LF:7
LH:7
BRF:0
BRH:0
end_of_record
TN:
SF:src\utils\finanzas.js
FN:1,formatCurrency
FN:8,calcularTotal
FN:9,(anonymous_2)
FN:12,filtrarPorCategoria
FN:13,(anonymous_4)
FNF:5
FNH:5
FNDA:5,formatCurrency
FNDA:6,calcularTotal
FNDA:11,(anonymous_2)
FNDA:5,filtrarPorCategoria
FNDA:14,(anonymous_4)
DA:3,5
DA:4,4
DA:5,3
DA:9,11
DA:13,14
LF:5
LH:5
BRDA:3,0,0,1
BRDA:3,0,1,4
BRDA:4,1,0,1
BRDA:4,1,1,3
BRF:4
BRH:4
end_of_record
